  Appearance.cpp
  Application.cpp
C:\Users\lcypw\OneDrive\Documents\University\Year 2\Further Games and Graphic Concepts\Physics Framework\Application.cpp(699,21): warning C4244: 'initializing': conversion from 'ULONGLONG' to 'DWORD', possible loss of data
  BaseForces.cpp
  Camera.cpp
  DDSTextureLoader.cpp
  Gravity.cpp
C:\Users\lcypw\OneDrive\Documents\University\Year 2\Further Games and Graphic Concepts\Physics Framework\Gravity.cpp(9,36): warning C4100: 'input': unreferenced formal parameter
  LaminarFlow.cpp
  Main.cpp
  GameObject.cpp
  OBJLoader.cpp
  ParticleModel.cpp
C:\Users\lcypw\OneDrive\Documents\University\Year 2\Further Games and Graphic Concepts\Physics Framework\ParticleModel.cpp(51,20): warning C4018: '<': signed/unsigned mismatch
C:\Users\lcypw\OneDrive\Documents\University\Year 2\Further Games and Graphic Concepts\Physics Framework\ParticleModel.cpp(56,4): warning C5205: delete of an abstract class 'BaseForces' that has a non-virtual destructor results in undefined behavior
C:\Users\lcypw\OneDrive\Documents\University\Year 2\Further Games and Graphic Concepts\Physics Framework\BaseForces.h(4): message : see declaration of 'BaseForces'
C:\Users\lcypw\OneDrive\Documents\University\Year 2\Further Games and Graphic Concepts\Physics Framework\ParticleModel.cpp(61,20): warning C4018: '<': signed/unsigned mismatch
  ParticleSystem.cpp
C:\Users\lcypw\OneDrive\Documents\University\Year 2\Further Games and Graphic Concepts\Physics Framework\ParticleSystem.cpp(3,96): warning C4100: 'appearance': unreferenced formal parameter
C:\Users\lcypw\OneDrive\Documents\University\Year 2\Further Games and Graphic Concepts\Physics Framework\ParticleSystem.cpp(15,41): warning C4100: 'deltaTime': unreferenced formal parameter
  Transform.cpp
C:\Users\lcypw\OneDrive\Documents\University\Year 2\Further Games and Graphic Concepts\Physics Framework\Transform.cpp(17,30): warning C4100: 't': unreferenced formal parameter
  TurbulentFlow.cpp
  Vector3D.cpp
  Generating Code...
Appearance.obj : warning LNK4075: ignoring '/EDITANDCONTINUE' due to '/SAFESEH' specification
  DX11 Framework.vcxproj -> C:\Users\lcypw\OneDrive\Documents\University\Year 2\Further Games and Graphic Concepts\Physics Framework\Debug\DX11 Framework.exe
